<?xml version="1.0" encoding="UTF-8"?>
<testsuite name="com.ciaoshen.sia4.ch04.aop_before_after_43.TestAopBeforeAfter" tests="1" skipped="0" failures="0" errors="0" timestamp="2019-05-19T00:44:45" hostname="MacBook-Pro-de-Wei.local" time="0.013">
  <properties/>
  <testcase name="testAopBeforeAfter" classname="com.ciaoshen.sia4.ch04.aop_before_after_43.TestAopBeforeAfter" time="0.013"/>
  <system-out><![CDATA[下面是郭德纲《你字系列》专场第1个节目: 
    >>>《你要高雅》
        ~~~吁吁吁吁吁吁吁吁~~~
下面是郭德纲《你字系列》专场第7个节目: 
    >>>《你要折腾》
        ~~~吁吁吁吁吁吁吁吁~~~
下面是郭德纲《你字系列》专场第4个节目: 
    >>>《你要做善人》
        ~~~吁吁吁吁吁吁吁吁~~~
下面是郭德纲《你字系列》专场第5个节目: 
    >>>《你好新北京》
        ~~~吁吁吁吁吁吁吁吁~~~
下面是郭德纲《你字系列》专场第6个节目: 
    >>>《你是我的玫瑰》
        ~~~吁吁吁吁吁吁吁吁~~~
]]></system-out>
  <system-err><![CDATA[May 18, 2019 8:44:45 PM org.springframework.test.context.support.AbstractTestContextBootstrapper getDefaultTestExecutionListenerClassNames
INFO: Loaded default TestExecutionListener class names from location [META-INF/spring.factories]: [org.springframework.test.context.web.ServletTestExecutionListener, org.springframework.test.context.support.DirtiesContextBeforeModesTestExecutionListener, org.springframework.test.context.support.DependencyInjectionTestExecutionListener, org.springframework.test.context.support.DirtiesContextTestExecutionListener, org.springframework.test.context.transaction.TransactionalTestExecutionListener, org.springframework.test.context.jdbc.SqlScriptsTestExecutionListener]
May 18, 2019 8:44:45 PM org.springframework.test.context.support.AbstractTestContextBootstrapper getTestExecutionListeners
INFO: Using TestExecutionListeners: [org.springframework.test.context.support.DirtiesContextBeforeModesTestExecutionListener@740341dc, org.springframework.test.context.support.DependencyInjectionTestExecutionListener@1805a11f, org.springframework.test.context.support.DirtiesContextTestExecutionListener@431359f5]
]]></system-err>
</testsuite>
