<?xml version="1.0" encoding="UTF-8"?>
<testsuite name="com.ciaoshen.sia4.ch05.post_form_54.spittr.SpitterControllerTest" tests="1" skipped="0" failures="0" errors="0" timestamp="2019-05-25T22:27:03" hostname="MacBook-Pro-de-Wei.local" time="1.202">
  <properties/>
  <testcase name="shouldShowRegistration" classname="com.ciaoshen.sia4.ch05.post_form_54.spittr.SpitterControllerTest" time="1.202"/>
  <system-out><![CDATA[spitter.firstName = null
spitter.lastName = Bauer
spitter.username = jbauer
spitter.password = 24hours
]]></system-out>
  <system-err><![CDATA[May 25, 2019 6:27:04 PM org.springframework.mock.web.MockServletContext log
INFO: Initializing Spring TestDispatcherServlet ''
May 25, 2019 6:27:04 PM org.springframework.web.servlet.FrameworkServlet initServletBean
INFO: Initializing Servlet ''
May 25, 2019 6:27:04 PM org.springframework.web.servlet.FrameworkServlet initServletBean
INFO: Completed initialization in 2 ms
]]></system-err>
</testsuite>
