<?xml version="1.0" encoding="UTF-8"?>
<testsuite name="com.ciaoshen.sia4.ch01.knights_112.BraveKnightTest" tests="1" skipped="0" failures="0" errors="0" timestamp="2019-04-23T01:39:11" hostname="MacBook-Pro-de-Wei.local" time="0.352">
  <properties/>
  <testcase name="knightShouldEmbarkOnQuest" classname="com.ciaoshen.sia4.ch01.knights_112.BraveKnightTest" time="0.352"/>
  <system-out><![CDATA[]]></system-out>
  <system-err><![CDATA[]]></system-err>
</testsuite>
